[2026-03-18 11:11:09.706] [debug] Election timeout: 1000ms
[2026-03-18 11:11:09.706] [info] Cluster peers:
[2026-03-18 11:11:09.706] [warning] --------------------------------total_nodes_count_: 1
[2026-03-18 11:11:09.707] [info] ------------------------------------Raft node 0 started on 127.0.0.1:8001------------------------------------
[2026-03-18 11:11:09.707] [debug] Raft node 0 initialized on 127.0.0.1:8001
[2026-03-18 11:11:09.707] [info] Node 0 starting apply loop thread.
[2026-03-18 11:11:09.707] [debug] apply_loop: commit_index=-1, last_applied=-1
[2026-03-18 11:11:09.708] [info] ------------------------------------Into run_election_timeout------------------------------------
[2026-03-18 11:11:10.909] [error] Node 0 became CANDIDATE at term 1
[2026-03-18 11:11:10.909] [info] ------------------------------------Vote begain--------------------------------------
[2026-03-18 11:11:10.909] [info] ----------------------total_nodes_count_: 1, vote_count: 1-------------------
[2026-03-18 11:11:10.909] [error] Node 0 became LEADER at term 1.
[2026-03-18 11:11:10.909] [info] Node 0 starting heartbeat thread for term 1.
[2026-03-18 11:11:12.708] [debug] 注册成员函数回调 | 命令类型: Put
[2026-03-18 11:11:12.708] [debug] 注册成员函数回调 | 命令类型: Del
[2026-03-18 11:11:12.708] [debug] 注册成员函数回调 | 命令类型: Cas
[2026-03-18 11:11:12.708] [debug] 注册成员函数回调 | 命令类型: PutWithTTL
[2026-03-18 11:11:12.708] [debug] 注册成员函数回调 | 命令类型: TestFalse
[2026-03-18 11:11:12.708] [debug] 注册成员函数回调 | 命令类型: CasWithTTL
[2026-03-18 11:11:12.711] [debug] 进入正式push阶段了
[2026-03-18 11:11:12.891] [debug] apply_loop: wait condition met, cond=true
[2026-03-18 11:11:12.891] [info] apply_loop: applying logs from 0 to 0
[2026-03-18 11:11:12.891] [info] Applying CAS_TTL: Key 'distributed_lock' does not exist, set to '0' (TTL: 10000ms  from node0)
[2026-03-18 11:11:12.891] [error] [Error] LogEntry命令类型未注册: CasWithTTL
[2026-03-18 11:11:12.891] [debug] apply_loop: commit_index=0, last_applied=0
[2026-03-18 11:11:14.891] [debug] 进入正式push阶段了
[2026-03-18 11:11:15.052] [debug] apply_loop: wait condition met, cond=true
[2026-03-18 11:11:15.052] [info] apply_loop: applying logs from 1 to 1
[2026-03-18 11:11:15.052] [info] Applying CAS: Key 'distributed_lock' matches expected value. Updating to '' (from node0)
[2026-03-18 11:11:15.052] [error] [Error] LogEntry命令类型未注册: Cas
[2026-03-18 11:11:15.052] [debug] apply_loop: commit_index=1, last_applied=1
[2026-03-18 11:11:24.476] [debug] Stopping Raft node 0...
[2026-03-18 11:11:24.596] [info] Node 0 heartbeat thread stopping.
[2026-03-18 11:11:24.596] [debug] apply_loop: wait condition met, cond=true
[2026-03-18 11:11:24.596] [info] Node 0 apply loop thread stopping.
[2026-03-18 11:11:24.597] [debug] Raft node 0 stopped.
